PUT /users/update-profile 403 1.884 ms - -
GET /creator/creator-profile-data 401 3.684 ms - -
GET /creator/creator-profile-data 401 2.107 ms - -
GET /creator/creator-profile-data 401 2.949 ms - -
GET /creator/creator-profile-data 401 2.544 ms - -
GET /creator/creator-profile-data 401 3.044 ms - -
GET /creator/creator-profile-data 401 3.750 ms - -
GET /creator/creator-profile-data 401 1.586 ms - -
GET /creator/creator-profile-data 401 1.316 ms - -
GET /creator/creator-profile-data 401 1.751 ms - -
GET /creator/creator-profile-data 401 2.314 ms - -
GET /creator/creator-profile-data 401 2.277 ms - -
GET /creator/creator-profile-data 401 4.688 ms - -
GET /creator/creator-profile-data 401 1.345 ms - -
GET /creator/creator-profile-data 401 1.733 ms - -
GET /creator/creator-profile-data 401 1.851 ms - -
GET /creator/creator-profile-data 401 1.442 ms - -
GET /creator/creator-profile-data 401 1.934 ms - -
GET /creator/creator-profile-data 401 2.249 ms - -
GET /creator/creator-profile-data 401 2.024 ms - -
GET /creator/creator-profile-data 401 1.854 ms - -
GET /creator/creator-profile-data 401 2.048 ms - -
GET /creator/creator-profile-data 401 2.340 ms - -
GET /creator/creator-profile-data 401 2.539 ms - -
GET /creator/creator-profile-data 401 1.992 ms - -
GET /creator/creator-profile-data 401 1.729 ms - -
GET /creator/creator-profile-data 401 1.650 ms - -
GET /creator/creator-profile-data 401 2.059 ms - -
GET /creator/creator-profile-data 401 1.864 ms - -
GET /creator/creator-profile-data 401 2.118 ms - -
GET /creator/creator-profile-data 401 3.088 ms - -
GET /creator/creator-profile-data 401 2.437 ms - -
GET /creator/creator-profile-data 401 2.549 ms - -
GET /creator/creator-profile-data 401 2.337 ms - -
GET /creator/creator-profile-data 401 2.348 ms - -
GET /creator/creator-profile-data 401 2.250 ms - -
GET /creator/creator-profile-data 401 1.941 ms - -
GET /creator/creator-profile-data 401 2.411 ms - -
GET /creator/creator-profile-data 401 1.749 ms - -
GET /creator/creator-profile-data 401 2.264 ms - -
GET /creator/creator-profile-data 401 2.129 ms - -
GET /creator/creator-profile-data 401 2.207 ms - -
GET /creator/creator-profile-data 401 1.534 ms - -
GET /creator/creator-profile-data 401 1.482 ms - -
GET /creator/creator-profile-data 401 1.410 ms - -
GET /creator/creator-profile-data 401 2.331 ms - -
GET /creator/creator-profile-data 401 1.706 ms - -
GET /creator/creator-profile-data 401 2.335 ms - -
GET /creator/creator-profile-data 401 2.011 ms - -
GET /creator/creator-profile-data 401 1.751 ms - -
GET /creator/creator-profile-data 401 2.139 ms - -
GET /creator/creator-profile-data 401 1.847 ms - -
GET /creator/creator-profile-data 401 2.111 ms - -
GET /creator/creator-profile-data 401 1.764 ms - -
GET /creator/creator-profile-data 401 1.415 ms - -
GET /creator/creator-profile-data 401 4.012 ms - -
GET /creator/creator-profile-data 401 1.903 ms - -
GET /creator/creator-profile-data 401 1.703 ms - -
GET /creator/creator-profile-data 401 1.658 ms - -
GET /creator/creator-profile-data 401 1.780 ms - -
GET /creator/creator-profile-data 401 1.529 ms - -
GET /creator/creator-profile-data 401 2.091 ms - -
GET /creator/creator-profile-data 401 2.119 ms - -
POST /users/login 401 4.115 ms - -
POST /users/login 401 2.677 ms - -
POST /users/login 401 2.853 ms - -
POST /users/login 401 2.816 ms - -
GET /creator/creator-profile-data 401 2.143 ms - -
GET /creator/creator-profile-data 401 1.979 ms - -
GET /creator/creator-profile-data 401 3.162 ms - -
GET /creator/creator-profile-data 401 2.021 ms - -
GET /creator/creator-profile-data 401 2.626 ms - -
GET /creator/creator-profile-data 401 2.569 ms - -
GET /creator/creator-profile-data 401 2.325 ms - -
GET /creator/creator-profile-data 401 2.215 ms - -
GET /creator/creator-profile-data 401 2.147 ms - -
GET /creator/creator-profile-data 401 1.649 ms - -
GET /creator/creator-profile-data 401 1.886 ms - -
GET /creator/creator-profile-data 401 1.726 ms - -
GET /creator/creator-profile-data 401 2.903 ms - -
GET /creator/creator-profile-data 401 2.397 ms - -
GET /creator/creator-profile-data 401 1.929 ms - -
GET /creator/creator-profile-data 401 1.860 ms - -
GET /creator/creator-profile-data 403 1.109 ms - -
GET /creator/creator-profile-data 403 1.277 ms - -
GET /creator/creator-profile-data 401 1.619 ms - -
GET /creator/creator-profile-data 401 1.787 ms - -
GET /creator/creator-profile-data 401 1.287 ms - -
GET /creator/creator-profile-data 401 1.347 ms - -
GET /creator/creator-profile-data 401 2.265 ms - -
GET /creator/creator-profile-data 401 2.023 ms - -
GET /creator/creator-profile-data 401 1.892 ms - -
GET /creator/creator-profile-data 401 1.541 ms - -
GET /creator/creator-profile-data 401 1.848 ms - -
GET /creator/creator-profile-data 401 1.915 ms - -
GET /creator/creator-profile-data 401 1.518 ms - -
GET /creator/creator-profile-data 401 2.019 ms - -
GET /creator/creator-profile-data 401 1.679 ms - -
GET /creator/creator-profile-data 401 1.665 ms - -
GET /creator/creator-profile-data 401 2.758 ms - -
GET /creator/creator-profile-data 401 1.298 ms - -
GET /creator/creator-profile-data 401 3.321 ms - -
GET /creator/creator-profile-data 401 2.111 ms - -
GET /creator/creator-profile-data 401 3.681 ms - -
GET /creator/creator-profile-data 401 2.052 ms - -
POST /creator/login 401 4.221 ms - -
POST /creator/login 401 4.531 ms - -
POST /creator/login 401 70.439 ms - -
POST /creator/login 401 74.666 ms - -
POST /creator/login 401 70.866 ms - -
GET /creator/creator-profile-data 401 1.589 ms - -
GET /creator/creator-profile-data 401 3.118 ms - -
GET /creator/creator-profile-data 401 2.011 ms - -
GET /creator/creator-profile-data 401 2.212 ms - -
GET /creator/creator-profile-data 401 2.181 ms - -
GET /creator/creator-profile-data 401 2.752 ms - -
GET /creator/creator-profile-data 401 1.512 ms - -
GET /creator/creator-profile-data 401 2.113 ms - -
GET /creator/creator-profile-data 401 2.319 ms - -
GET /creator/creator-profile-data 401 1.733 ms - -
GET /creator/creator-profile-data 401 1.327 ms - -
GET /creator/creator-profile-data 401 1.165 ms - -
GET /creator/creator-profile-data 401 1.490 ms - -
GET /creator/creator-profile-data 401 1.924 ms - -
GET /creator/creator-profile-data 401 1.922 ms - -
GET /creator/creator-profile-data 401 2.428 ms - -
GET /creator/creator-profile-data 401 2.182 ms - -
GET /creator/creator-profile-data 401 2.361 ms - -
GET /creator/creator-profile-data 401 2.098 ms - -
GET /creator/creator-profile-data 401 1.627 ms - -
GET /creator/creator-profile-data 401 2.206 ms - -
GET /creator/creator-profile-data 401 1.483 ms - -
GET /creator/creator-profile-data 401 2.370 ms - -
GET /creator/creator-profile-data 401 2.919 ms - -
GET /creator/creator-profile-data 401 2.133 ms - -
GET /creator/creator-profile-data 401 2.154 ms - -
GET /creator/creator-profile-data 401 2.319 ms - -
GET /creator/creator-profile-data 401 2.214 ms - -
GET /creator/creator-profile-data 401 2.469 ms - -
GET /creator/creator-profile-data 401 2.744 ms - -
GET /creator/creator-profile-data 401 2.634 ms - -
GET /creator/creator-profile-data 401 2.858 ms - -
GET /creator/creator-profile-data 401 3.245 ms - -
GET /creator/creator-profile-data 401 1.988 ms - -
GET /creator/creator-profile-data 401 3.420 ms - -
GET /creator/creator-profile-data 401 2.232 ms - -
GET /creator/creator-profile-data 401 1.303 ms - -
GET /creator/creator-profile-data 401 1.350 ms - -
GET /creator/creator-profile-data 404 2.518 ms - -
GET /creator/creator-profile-data 404 1.414 ms - -
GET /creator/creator-profile-data 404 2.455 ms - -
GET /creator/profile-data 401 3.952 ms - -
GET /creator/creator-profile-data 404 1.028 ms - -
GET /creator/profile-data 401 2.975 ms - -
GET /creator/creator-profile-data 404 1.124 ms - -
GET /creator/creator-profile-data 404 0.802 ms - -
POST /users/login 401 3.794 ms - -
POST /users/login 401 4.702 ms - -
POST /users/login 401 4.561 ms - -
POST /users/login 401 4.681 ms - -
POST /users/login 401 3.923 ms - -
POST /users/login 401 4.803 ms - -
POST /users/login 401 3.432 ms - -
GET /creator/creator-profile-data 404 1.225 ms - -
GET /creator/creator-profile-data 404 1.570 ms - -
POST /users/login 401 8.926 ms - -
POST /users/login 401 2.422 ms - -
POST /users/login 401 5.256 ms - -
POST /users/login 401 3.016 ms - -
POST /users/login 401 2.825 ms - -
GET /creator/creator-profile-data 404 1.778 ms - -
GET /creator/creator-profile-data 404 1.073 ms - -
GET /creator/creator-profile-data 404 1.273 ms - -
GET /creator/creator-profile-data 404 0.871 ms - -
GET /creator/creator-profile-data 404 0.908 ms - -
GET /creator/creator-profile-data 404 1.159 ms - -
GET /creator/creator-profile-data 404 0.959 ms - -
GET /creator/profile-data 401 2.080 ms - -
GET /creator/creator-profile-data 404 1.178 ms - -
GET /creator/profile-data 401 2.326 ms - -
GET /creator/creator-profile-data 404 0.978 ms - -
GET /creator/creator-profile-data 404 1.026 ms - -
GET /creator/creator-profile-data 404 0.702 ms - -
GET /creator/creator-profile-data 404 0.598 ms - -
GET /creator/creator-profile-data 404 1.192 ms - -
GET /creator/creator-profile-data 404 1.088 ms - -
GET /creator/creator-profile-data 404 1.867 ms - -
GET /creator/creator-profile-data 404 2.016 ms - -
GET /creator/creator-profile-data 404 0.717 ms - -
GET /creator/creator-profile-data 404 0.597 ms - -
GET /creator/profile-data 401 3.408 ms - -
GET /creator/profile-data 401 4.849 ms - -
GET /creator/profile-data 401 2.064 ms - -
GET /creator/profile-data 401 2.323 ms - -
GET /creator/profile-data 401 2.329 ms - -
GET /creator/profile-data 401 2.539 ms - -
GET /creator/profile-data 401 4.183 ms - -
GET /creator/profile-data 401 2.214 ms - -
GET /creator/profile-data 401 2.781 ms - -
GET /creator/profile-data 401 2.469 ms - -
GET /creator/profile-data 401 2.427 ms - -
GET /creator/profile-data 401 2.539 ms - -
GET /creator/profile-data 401 1.898 ms - -
GET /creator/profile-data 401 1.981 ms - -
GET /creator/profile-data 401 2.130 ms - -
GET /creator/profile-data 401 2.193 ms - -
GET /creator/profile-data 401 1.610 ms - -
GET /creator/profile-data 401 1.472 ms - -
GET /creator/profile-data 401 3.173 ms - -
GET /creator/profile-data 401 1.503 ms - -
PUT /creator/update-profile 403 2.368 ms - -
PUT /creator/update-profile 403 1.170 ms - -
GET /creator/profile-data 403 1.328 ms - -
GET /creator/profile-data 403 0.984 ms - -
GET /creator/profile-data 403 1.103 ms - -
GET /creator/profile-data 403 1.083 ms - -
GET /creator/profile-data 403 0.619 ms - -
GET /creator/profile-data 403 0.714 ms - -
GET /creator/profile-data 403 1.815 ms - -
GET /creator/profile-data 403 1.235 ms - -
GET /creator/profile-data 403 6.573 ms - -
GET /creator/profile-data 403 0.989 ms - -
GET /creator/profile-data 403 1.163 ms - -
GET /creator/profile-data 403 0.906 ms - -
GET /creator/profile-data 403 6.202 ms - -
GET /creator/profile-data 403 5.778 ms - -
POST /creator/create-event 401 3.095 ms - -
POST /creator/login 401 13.286 ms - -
POST /users/login 401 37.655 ms - -
GET /creator/profile-data 403 8.819 ms - -
GET /creator/profile-data 403 13.460 ms - -
GET /creator/profile-data 403 9.593 ms - -
GET /creator/profile-data 403 10.391 ms - -
GET /creator/profile-data 403 10.770 ms - -
GET /creator/profile-data 403 13.668 ms - -
GET /creator/profile-data 403 13.694 ms - -
GET /creator/profile-data 403 14.128 ms - -
PUT /creator/update-profile 403 9.418 ms - -
GET /creator/profile-data 403 9.444 ms - -
GET /creator/profile-data 403 12.262 ms - -
GET /creator/profile-data 403 16.365 ms - -
GET /creator/profile-data 403 12.737 ms - -
POST /creator/login 401 29.455 ms - -
POST /creator/login 401 3.943 ms - -
POST /creator/login 401 3.088 ms - -
POST /creator/login 401 3.327 ms - -
POST /creator/login 401 2.928 ms - -
POST /creator/login 401 3.794 ms - -
POST /creator/login 401 3.779 ms - -
POST /creator/login 401 12.603 ms - -
POST /creator/login 401 3.469 ms - -
POST /creator/login 401 3.924 ms - -
POST /creator/login 401 22.442 ms - -
POST /creator/login 401 3.836 ms - -
POST /creator/login 401 4.468 ms - -
POST /creator/login 401 3.893 ms - -
POST /creator/login 401 3.207 ms - -
POST /creator/login 401 4.138 ms - -
POST /creator/login 401 3.673 ms - -
POST /creator/login 401 2.802 ms - -
POST /creator/login 401 2.903 ms - -
POST /creator/login 401 4.750 ms - -
POST /creator/login 401 3.614 ms - -
POST /creator/login 401 3.173 ms - -
POST /creator/login 401 2.454 ms - -
POST /creator/login 401 3.275 ms - -
POST /admin/login 401 2.364 ms - -
POST /creator/login 401 3.655 ms - -
POST /creator/login 401 4.100 ms - -
POST /admin/login 401 2.617 ms - -
POST /creator/login 401 2.759 ms - -
POST /creator/login 401 3.493 ms - -
POST /creator/login 401 3.621 ms - -
POST /admin/login 401 0.744 ms - -
GET /creator/profile-data 404 7.493 ms - -
GET /creator/profile-data 404 6.229 ms - -
POST /creator/login 401 1.327 ms - -
POST /creator/login 401 1.349 ms - -
GET /creator/profile-data 403 3.727 ms - -
GET /creator/profile-data 403 5.871 ms - -
GET /creator/profile-data 403 4.188 ms - -
GET /creator/profile-data 403 4.792 ms - -
GET /creator/profile-data 403 3.009 ms - -
GET /creator/profile-data 403 4.470 ms - -
POST /creator/login 401 13.652 ms - -
POST /creator/login 401 2.251 ms - -
POST /creator/login 401 1.505 ms - -
POST /creator/login 401 1.372 ms - -
POST /creator/login 401 1.746 ms - -
POST /creator/login 401 1.540 ms - -
POST /creator/login 401 1.430 ms - -
POST /creator/login 401 1.320 ms - -
POST /creator/login 401 1.419 ms - -
POST /creator/login 401 10.117 ms - -
POST /creator/login 403 69.875 ms - -
POST /creator/login 403 69.994 ms - -
POST /creator/login 403 69.613 ms - -
POST /creator/login 403 79.987 ms - -
POST /creator/login 403 18.952 ms - -
POST /creator/login 403 5.068 ms - -
POST /creator/login 403 4.147 ms - -
POST /creator/login 403 4.691 ms - -
POST /creator/login 403 4.931 ms - -
POST /creator/login 403 3.526 ms - -
POST /creator/login 403 4.633 ms - -
POST /creator/login 403 12.196 ms - -
POST /creator/login 401 4.019 ms - -
POST /creator/login 403 20.920 ms - -
POST /creator/login 403 3.819 ms - -
POST /creator/login 403 12.781 ms - -
POST /creator/login 403 4.868 ms - -
POST /creator/login 403 4.400 ms - -
POST /creator/login 403 5.120 ms - -
POST /creator/login 403 23.220 ms - -
GET /creator/login 404 4.749 ms - -
GET /creator/login 404 1.325 ms - -
POST /creator/login 403 9.400 ms - -
POST /creator/login 403 4.476 ms - -
POST /creator/login 403 3.759 ms - -
POST /creator/login 403 5.087 ms - -
PUT /creator/update-profile 403 1.591 ms - -
POST /creator/login 403 2.758 ms - -
POST /creator/login 403 3.517 ms - -
POST /creator/login 403 4.141 ms - -
POST /creator/login 403 3.699 ms - -
POST /creator/login 403 3.317 ms - -
POST /creator/login 403 30.616 ms - -
POST /creator/login 403 33.888 ms - -
POST /creator/login 403 4.385 ms - -
POST /creator/login 403 4.186 ms - -
POST /creator/login 403 21.884 ms - -
POST /creator/login 403 22.107 ms - -
POST /creator/login 403 22.917 ms - -
POST /creator/login 403 23.553 ms - -
PUT /creator/update-profile 403 4.428 ms - -
POST /creator/login 403 3.073 ms - -
POST /creator/login 403 3.834 ms - -
PUT /creator/update-profile 403 4.273 ms - -
GET /creator/profile-data 403 5.243 ms - -
GET /creator/profile-data 403 4.222 ms - -
PUT /creator/update-profile 403 4.821 ms - -
POST /users/login 403 104.481 ms - -
PUT /users/update-profile 403 5.081 ms - -
POST /admin/login 401 23.498 ms - -
POST /admin/login 401 3.710 ms - -
POST /admin/login 401 3.258 ms - -
POST /admin/login 401 3.101 ms - -
POST /admin/login 401 13.944 ms - -
POST /admin/login 401 4.105 ms - -
POST /admin/login 401 4.121 ms - -
POST /admin/login 401 3.362 ms - -
POST /admin/login 401 4.697 ms - -
POST /admin/login 401 5.014 ms - -
POST /admin/login 401 3.502 ms - -
POST /admin/login 401 4.732 ms - -
POST /admin/login 401 3.667 ms - -
POST /admin/login 401 31.692 ms - -
POST /admin/login 401 24.280 ms - -
PUT /admin/toggle-block-creator/67ce7ed193935b3d381f9243 401 1.521 ms - -
POST /admin/login 401 3.513 ms - -
POST /admin/login 401 3.511 ms - -
POST /admin/login 401 2.558 ms - -
POST /admin/login 401 3.710 ms - -
POST /admin/login 401 3.580 ms - -
POST /admin/login 401 4.207 ms - -
POST /admin/login 401 2.633 ms - -
POST /admin/login 401 3.613 ms - -
POST /admin/login 401 4.711 ms - -
POST /admin/login 401 4.520 ms - -
POST /admin/login 401 3.057 ms - -
POST /admin/login 401 3.732 ms - -
GET /admin/dashboard 404 2.076 ms - -
GET /admin/dashboard 404 1.870 ms - -
GET /admin/dashboard 500 5.216 ms - -
GET /admin/dashboard%0A 500 1.321 ms - -
GET /admin/dashboard%0A 500 1.108 ms - -
PUT /admin/toggle-block/67ce756593935b3d381f9234 401 1.178 ms - -
PUT /admin/toggle-block/67e532685ad5569eb66a7356 401 0.876 ms - -
POST /admin/login 401 2.945 ms - -
POST /users/login 403 70.105 ms - -
PUT /admin/toggle-block/67e532685ad5569eb66a7356 401 1.153 ms - -
POST /users/login 403 70.693 ms - -
POST /users/login 403 71.956 ms - -
PUT /users/update-profile 403 1.496 ms - -
PUT /users/update-profile 403 1.261 ms - -
GET /admin/logout 500 12.216 ms - -
GET /admin/logout 500 2.810 ms - -
GET /admin/logout 500 2.118 ms - -
GET /admin/logout 500 2.008 ms - -
GET /admin/logout 500 2.138 ms - -
GET /admin/logout 500 2.402 ms - -
GET /admin/logout 500 1.983 ms - -
GET /admin/logout 500 2.114 ms - -
GET /admin/logout 500 21.191 ms - -
GET /admin/logout 404 5.607 ms - -
GET /admin/logout 404 1.528 ms - -
GET /admin/logout 404 2.977 ms - -
GET /admin/logout 404 1.396 ms - -
GET /admin/logout 404 1.105 ms - -
GET /admin/logout 404 1.248 ms - -
GET /admin/logout 404 1.417 ms - -
GET /admin/logout 404 1.505 ms - -
GET /admin/logout 404 1.342 ms - -
GET /admin/logout 404 1.007 ms - -
PUT /admin/toggle-block/67ce756593935b3d381f9234 401 1.554 ms - -
GET /creator/events 500 1.459 ms - -
GET /creator/events 500 0.857 ms - -
GET /creator/events 500 1.121 ms - -
GET /creator/events 500 1.087 ms - -
GET /creator/logout 500 69.069 ms - -
GET /creator/logout 500 3.164 ms - -
GET /creator/logout 500 4.313 ms - -
GET /creator/logout 500 3.092 ms - -
GET /creator/logout 500 3.474 ms - -
GET /creator/logout 404 6.392 ms - -
GET /creator/logout 404 1.585 ms - -
GET /creator/logout 500 16.424 ms - -
GET /creator/logout 500 1.752 ms - -
GET /creator/logout 500 53.074 ms - -
POST /creator/logout 500 63.966 ms - -
POST /creator/logout 500 3.743 ms - -
PUT /creator/update-profile 403 1.554 ms - -
PUT /creator/update-profile 500 5.480 ms - -
PUT /creator/update-profile 500 4.501 ms - -
PUT /creator/update-profile 500 14.152 ms - -
PUT /creator/update-profile 500 9.271 ms - -
PUT /creator/update-profile 500 5.278 ms - -
PUT /creator/update-profile 500 6.667 ms - -
PUT /creator/update-profile 500 6.778 ms - -
